Determining if the pthread_create exist failed with the following output:
Change Dir: /mnt/hgfs/DiDi_Cahllenge/Team-DeepLatvia-Self-Driving-Car-challenge/ROS/catkin_ws/build/CMakeFiles/CMakeTmp

Run Build Command:"/usr/bin/make" "cmTC_04b0d/fast"
/usr/bin/make -f CMakeFiles/cmTC_04b0d.dir/build.make CMakeFiles/cmTC_04b0d.dir/build
make[1]: Entering directory '/mnt/hgfs/DiDi_Cahllenge/Team-DeepLatvia-Self-Driving-Car-challenge/ROS/catkin_ws/build/CMakeFiles/CMakeTmp'
Building C object CMakeFiles/cmTC_04b0d.dir/CheckSymbolExists.c.o
/usr/bin/cc     -o CMakeFiles/cmTC_04b0d.dir/CheckSymbolExists.c.o   -c /mnt/hgfs/DiDi_Cahllenge/Team-DeepLatvia-Self-Driving-Car-challenge/ROS/catkin_ws/build/CMakeFiles/CMakeTmp/CheckSymbolExists.c
Linking C executable cmTC_04b0d
/usr/bin/cmake -E cmake_link_script CMakeFiles/cmTC_04b0d.dir/link.txt --verbose=1
/usr/bin/cc       CMakeFiles/cmTC_04b0d.dir/CheckSymbolExists.c.o  -o cmTC_04b0d -rdynamic 
CMakeFiles/cmTC_04b0d.dir/CheckSymbolExists.c.o: In function `main':
CheckSymbolExists.c:(.text+0x16): undefined reference to `pthread_create'
collect2: error: ld returned 1 exit status
CMakeFiles/cmTC_04b0d.dir/build.make:97: recipe for target 'cmTC_04b0d' failed
make[1]: *** [cmTC_04b0d] Error 1
make[1]: Leaving directory '/mnt/hgfs/DiDi_Cahllenge/Team-DeepLatvia-Self-Driving-Car-challenge/ROS/catkin_ws/build/CMakeFiles/CMakeTmp'
Makefile:126: recipe for target 'cmTC_04b0d/fast' failed
make: *** [cmTC_04b0d/fast] Error 2

File /mnt/hgfs/DiDi_Cahllenge/Team-DeepLatvia-Self-Driving-Car-challenge/ROS/catkin_ws/build/CMakeFiles/CMakeTmp/CheckSymbolExists.c:
/* */
#include <pthread.h>

int main(int argc, char** argv)
{
  (void)argv;
#ifndef pthread_create
  return ((int*)(&pthread_create))[argc];
#else
  (void)argc;
  return 0;
#endif
}

Determining if the function pthread_create exists in the pthreads failed with the following output:
Change Dir: /mnt/hgfs/DiDi_Cahllenge/Team-DeepLatvia-Self-Driving-Car-challenge/ROS/catkin_ws/build/CMakeFiles/CMakeTmp

Run Build Command:"/usr/bin/make" "cmTC_aa45e/fast"
/usr/bin/make -f CMakeFiles/cmTC_aa45e.dir/build.make CMakeFiles/cmTC_aa45e.dir/build
make[1]: Entering directory '/mnt/hgfs/DiDi_Cahllenge/Team-DeepLatvia-Self-Driving-Car-challenge/ROS/catkin_ws/build/CMakeFiles/CMakeTmp'
Building C object CMakeFiles/cmTC_aa45e.dir/CheckFunctionExists.c.o
/usr/bin/cc    -DCHECK_FUNCTION_EXISTS=pthread_create   -o CMakeFiles/cmTC_aa45e.dir/CheckFunctionExists.c.o   -c /usr/share/cmake-3.5/Modules/CheckFunctionExists.c
Linking C executable cmTC_aa45e
/usr/bin/cmake -E cmake_link_script CMakeFiles/cmTC_aa45e.dir/link.txt --verbose=1
/usr/bin/cc   -DCHECK_FUNCTION_EXISTS=pthread_create    CMakeFiles/cmTC_aa45e.dir/CheckFunctionExists.c.o  -o cmTC_aa45e -rdynamic -lpthreads 
/usr/bin/ld: cannot find -lpthreads
collect2: error: ld returned 1 exit status
CMakeFiles/cmTC_aa45e.dir/build.make:97: recipe for target 'cmTC_aa45e' failed
make[1]: *** [cmTC_aa45e] Error 1
make[1]: Leaving directory '/mnt/hgfs/DiDi_Cahllenge/Team-DeepLatvia-Self-Driving-Car-challenge/ROS/catkin_ws/build/CMakeFiles/CMakeTmp'
Makefile:126: recipe for target 'cmTC_aa45e/fast' failed
make: *** [cmTC_aa45e/fast] Error 2


